Lmod has detected the following error: The following module(s) are unknown:
"python/3.8.1"

Please check the spelling or version number. Also try "module spider ..."
It is also possible your cache file is out-of-date; it may help to try:
  $ module --ignore_cache load "python/3.8.1"

Also make sure that all modulefiles written in TCL start with the string
#%Module



Lmod has detected the following error: The following module(s) are unknown:
"cuda/11.3"

Please check the spelling or version number. Also try "module spider ..."
It is also possible your cache file is out-of-date; it may help to try:
  $ module --ignore_cache load "cuda/11.3"

Also make sure that all modulefiles written in TCL start with the string
#%Module



Lmod has detected the following error: The following module(s) are unknown:
"pytorch/1.10.0"

Please check the spelling or version number. Also try "module spider ..."
It is also possible your cache file is out-of-date; it may help to try:
  $ module --ignore_cache load "pytorch/1.10.0"

Also make sure that all modulefiles written in TCL start with the string
#%Module



usage: train_script.py [-h] [--data_file DATA_FILE] [--output_dir OUTPUT_DIR]
                       [--backbone {resnet50,resnet101,efficientnet}]
                       [--batch_size BATCH_SIZE] [--epochs EPOCHS]
                       [--learning_rate LEARNING_RATE] [--patience PATIENCE]
                       [--seed SEED]
                       [--resume_from_pytorch_model RESUME_FROM_PYTORCH_MODEL]
train_script.py: error: unrecognized arguments: --resume_from_checkpoint pretrained_scripts/best_pedestrian_model.pth
