Lmod has detected the following error: The following module(s) are unknown:
"python/3.8.1"

Please check the spelling or version number. Also try "module spider ..."
It is also possible your cache file is out-of-date; it may help to try:
  $ module --ignore_cache load "python/3.8.1"

Also make sure that all modulefiles written in TCL start with the string
#%Module



Lmod has detected the following error: The following module(s) are unknown:
"cuda/11.3"

Please check the spelling or version number. Also try "module spider ..."
It is also possible your cache file is out-of-date; it may help to try:
  $ module --ignore_cache load "cuda/11.3"

Also make sure that all modulefiles written in TCL start with the string
#%Module



Lmod has detected the following error: The following module(s) are unknown:
"pytorch/1.10.0"

Please check the spelling or version number. Also try "module spider ..."
It is also possible your cache file is out-of-date; it may help to try:
  $ module --ignore_cache load "pytorch/1.10.0"

Also make sure that all modulefiles written in TCL start with the string
#%Module



/var/spool/slurm/job32159508/slurm_script: line 20: cd: /pretrained_scripts/train_script.py: No such file or directory
/var/spool/slurm/job32159508/slurm_script: line 30: python: command not found
